<?xml version="1.0" encoding="UTF-8"?>
<testng-results ignored="0" total="1" passed="1" failed="0" skipped="0">
  <reporter-output>
  </reporter-output>
  <suite started-at="2022-10-12T01:05:44 IST" name="Default suite" finished-at="2022-10-12T01:05:47 IST" duration-ms="2860">
    <groups>
    </groups>
    <test started-at="2022-10-12T01:05:44 IST" name="Default test" finished-at="2022-10-12T01:05:47 IST" duration-ms="2860">
      <class name="cpm.epam.Trainings.TestNG.AddNumber">
        <test-method is-config="true" signature="beforeMethod()[pri:0, instance:cpm.epam.Trainings.TestNG.AddNumber@63a12c68]" started-at="2022-10-12T01:05:44 IST" name="beforeMethod" finished-at="2022-10-12T01:05:44 IST" duration-ms="7" status="PASS">
          <reporter-output>
          </reporter-output>
        </test-method> <!-- beforeMethod -->
        <test-method signature="calculate()[pri:0, instance:cpm.epam.Trainings.TestNG.AddNumber@63a12c68]" started-at="2022-10-12T01:05:44 IST" name="calculate" finished-at="2022-10-12T01:05:47 IST" duration-ms="2810" status="PASS">
          <reporter-output>
          </reporter-output>
        </test-method> <!-- calculate -->
        <test-method is-config="true" signature="afterMethod()[pri:0, instance:cpm.epam.Trainings.TestNG.AddNumber@63a12c68]" started-at="2022-10-12T01:05:47 IST" name="afterMethod" finished-at="2022-10-12T01:05:47 IST" duration-ms="1" status="PASS">
          <reporter-output>
          </reporter-output>
        </test-method> <!-- afterMethod -->
      </class> <!-- cpm.epam.Trainings.TestNG.AddNumber -->
    </test> <!-- Default test -->
  </suite> <!-- Default suite -->
</testng-results>
